<?xml version="1.0" encoding="UTF-8"?>
<!-- Generated by org.testng.reporters.JUnitReportReporter -->
<testsuite hostname="DESKTOP-5ANURAS" failures="0" tests="1" name="Ghostlab.Amazon.AmazonTest" time="16.912" errors="0" timestamp="5 Mar 2021 06:37:32 GMT">
  <testcase classname="Ghostlab.Amazon.AmazonTest" name="AmazonAutomationStart" time="16.912"/>
</testsuite> <!-- Ghostlab.Amazon.AmazonTest -->
